[debug] [2025-06-06T08:24:44.245Z] ----------------------------------------------------------------------
[debug] [2025-06-06T08:24:44.247Z] Command:       C:\Program Files\nodejs\node.exe C:\Users\drumm\AppData\Roaming\npm\node_modules\firebase-tools\lib\bin\firebase.js init
[debug] [2025-06-06T08:24:44.247Z] CLI Version:   13.25.0
[debug] [2025-06-06T08:24:44.247Z] Platform:      win32
[debug] [2025-06-06T08:24:44.248Z] Node Version:  v20.17.0
[debug] [2025-06-06T08:24:44.248Z] Time:          Fri Jun 06 2025 13:54:44 GMT+0530 (India Standard Time)
[debug] [2025-06-06T08:24:44.248Z] ----------------------------------------------------------------------
[debug] 
[debug] [2025-06-06T08:24:44.250Z] >>> [apiv2][query] GET https://firebase-public.firebaseio.com/cli.json [none]
[debug] [2025-06-06T08:24:44.288Z] > command requires scopes: ["email","openid","https://www.googleapis.com/auth/cloudplatformprojects.readonly","https://www.googleapis.com/auth/firebase","https://www.googleapis.com/auth/cloud-platform"]
[debug] [2025-06-06T08:24:44.288Z] > authorizing via signed-in user (drummerviswa@gmail.com)
[info] 
     ######## #### ########  ######## ########     ###     ######  ########
     ##        ##  ##     ## ##       ##     ##  ##   ##  ##       ##
     ######    ##  ########  ######   ########  #########  ######  ######
     ##        ##  ##    ##  ##       ##     ## ##     ##       ## ##
     ##       #### ##     ## ######## ########  ##     ##  ######  ########

You're about to initialize a Firebase project in this directory:

  D:\Programming\ReactNative\hangman\ai

[debug] [2025-06-06T08:24:44.814Z] <<< [apiv2][status] GET https://firebase-public.firebaseio.com/cli.json 200
[debug] [2025-06-06T08:24:44.814Z] <<< [apiv2][body] GET https://firebase-public.firebaseio.com/cli.json {"cloudBuildErrorAfter":1594252800000,"cloudBuildWarnAfter":1590019200000,"defaultNode10After":1594252800000,"minVersion":"3.0.5","node8DeploysDisabledAfter":1613390400000,"node8RuntimeDisabledAfter":1615809600000,"node8WarnAfter":1600128000000}
[info] 
=== Project Setup
[info] 
[info] First, let's associate this project directory with a Firebase project.
[info] You can create multiple project aliases by running firebase use --add, 
[info] but for now we'll just set up a default project.
[info] 
[debug] [2025-06-06T08:25:39.114Z] Checked if tokens are valid: false, expires at: 1731866987211
[debug] [2025-06-06T08:25:39.114Z] Checked if tokens are valid: false, expires at: 1731866987211
[debug] [2025-06-06T08:25:39.115Z] > refreshing access token with scopes: []
[debug] [2025-06-06T08:25:39.115Z] >>> [apiv2][query] POST https://www.googleapis.com/oauth2/v3/token [none]
[debug] [2025-06-06T08:25:39.115Z] >>> [apiv2][body] POST https://www.googleapis.com/oauth2/v3/token [omitted]
[debug] [2025-06-06T08:25:39.282Z] <<< [apiv2][status] POST https://www.googleapis.com/oauth2/v3/token 200
[debug] [2025-06-06T08:25:39.282Z] <<< [apiv2][body] POST https://www.googleapis.com/oauth2/v3/token [omitted]
[debug] [2025-06-06T08:25:39.288Z] >>> [apiv2][query] GET https://firebase.googleapis.com/v1beta1/projects pageSize=100
[debug] [2025-06-06T08:25:39.891Z] <<< [apiv2][status] GET https://firebase.googleapis.com/v1beta1/projects 200
[debug] [2025-06-06T08:25:39.892Z] <<< [apiv2][body] GET https://firebase.googleapis.com/v1beta1/projects [omitted]
